<?xml version="1.0" encoding="UTF-8"?>
<!-- Generated by org.testng.reporters.JUnitReportReporter -->
<testsuite hostname="Maharshis-MBP.fritz.box" failures="0" tests="1" name="guru99.test.PositiveLoginTests" time="6.771" errors="0" timestamp="12 Apr 2020 15:48:32 GMT" skipped="0">
  <testcase classname="guru99.test.PositiveLoginTests" name="positivLogin" time="6.771"/>
</testsuite> <!-- guru99.test.PositiveLoginTests -->
